 Sat, 05 Oct 2019 22:59:15  INFO basepage.py wait_ele_visible [ line:40 ] 等待 登录页_等待用户名元素可见  元素  ('id', 'com.cashier.jiutongshanghu:id/ed_login_phone') 可见成功。耗时：0:00:02.908393
 Sat, 05 Oct 2019 22:59:15  INFO basepage.py wait_ele_visible [ line:40 ] 等待 登录页_输入用户名  元素  ('id', 'com.cashier.jiutongshanghu:id/ed_login_phone') 可见成功。耗时：0:00:00.855474
 Sat, 05 Oct 2019 22:59:16  INFO basepage.py get_element [ line:77 ] 查找  登录页_输入用户名 元素 ('id', 'com.cashier.jiutongshanghu:id/ed_login_phone') 成功！
 Sat, 05 Oct 2019 22:59:16  INFO basepage.py input_text [ line:114 ] 在 登录页_输入用户名 元素 ('id', 'com.cashier.jiutongshanghu:id/ed_login_phone') 上输入文本值：13072721092 成功！
 Sat, 05 Oct 2019 22:59:17  INFO basepage.py wait_ele_visible [ line:40 ] 等待 登录页_输入密码  元素  ('id', 'com.cashier.jiutongshanghu:id/ed_login_password') 可见成功。耗时：0:00:00.621431
 Sat, 05 Oct 2019 22:59:17  INFO basepage.py get_element [ line:77 ] 查找  登录页_输入密码 元素 ('id', 'com.cashier.jiutongshanghu:id/ed_login_password') 成功！
 Sat, 05 Oct 2019 22:59:17  INFO basepage.py input_text [ line:114 ] 在 登录页_输入密码 元素 ('id', 'com.cashier.jiutongshanghu:id/ed_login_password') 上输入文本值：123456 成功！
 Sat, 05 Oct 2019 22:59:18  INFO basepage.py wait_ele_visible [ line:40 ] 等待 登录页_点击登录按钮  元素  ('id', 'com.cashier.jiutongshanghu:id/but_login') 可见成功。耗时：0:00:01.184576
 Sat, 05 Oct 2019 22:59:19  INFO basepage.py get_element [ line:77 ] 查找  登录页_点击登录按钮 元素 ('id', 'com.cashier.jiutongshanghu:id/but_login') 成功！
 Sat, 05 Oct 2019 22:59:19  INFO basepage.py click_element [ line:101 ] 点击  登录页_点击登录按钮 元素 ('id', 'com.cashier.jiutongshanghu:id/but_login') 成功！
 Sat, 05 Oct 2019 22:59:21  INFO basepage.py wait_ele_exists [ line:55 ] 等待 首页_获取用户登录状态  元素  ('-android uiautomator', 'new UiSelector().text("账单")') 存在成功。耗时：0:00:02.116344
 Sat, 05 Oct 2019 22:59:21  INFO basepage.py get_element [ line:77 ] 查找  首页_获取用户登录状态 元素 ('-android uiautomator', 'new UiSelector().text("账单")') 成功！
 Sat, 05 Oct 2019 22:59:21  INFO basepage.py get_text [ line:151 ] 获取 首页_获取用户登录状态 元素 ('-android uiautomator', 'new UiSelector().text("账单")') 的文本值为:账单
 Sat, 05 Oct 2019 22:59:21  INFO basepage.py wait_ele_visible [ line:40 ] 等待 首页_等待 我的 元素可见  元素  ('id', 'com.cashier.jiutongshanghu:id/iv_tab_icon') 可见成功。耗时：0:00:00.260300
 Sat, 05 Oct 2019 22:59:21  INFO basepage.py get_element [ line:77 ] 查找  首页_等待 我的 元素可见 元素 ('id', 'com.cashier.jiutongshanghu:id/iv_tab_icon') 成功！
 Sat, 05 Oct 2019 22:59:23  INFO basepage.py wait_ele_visible [ line:40 ] 等待 我的页_等待 设置 元素可见  元素  ('-android uiautomator', 'new UiSelector().resourceId("com.cashier.jiutongshanghu:id/tv_setting")') 可见成功。耗时：0:00:00.956604
 Sat, 05 Oct 2019 22:59:23  INFO basepage.py wait_ele_visible [ line:40 ] 等待 我的页_设置按钮  元素  ('-android uiautomator', 'new UiSelector().resourceId("com.cashier.jiutongshanghu:id/tv_setting")') 可见成功。耗时：0:00:00.285272
 Sat, 05 Oct 2019 22:59:23  INFO basepage.py get_element [ line:77 ] 查找  我的页_设置按钮 元素 ('-android uiautomator', 'new UiSelector().resourceId("com.cashier.jiutongshanghu:id/tv_setting")') 成功！
 Sat, 05 Oct 2019 22:59:24  INFO basepage.py click_element [ line:101 ] 点击  我的页_设置按钮 元素 ('-android uiautomator', 'new UiSelector().resourceId("com.cashier.jiutongshanghu:id/tv_setting")') 成功！
 Sat, 05 Oct 2019 22:59:24  INFO basepage.py wait_ele_visible [ line:40 ] 等待 设置页_等待 退出登录 元素可见  元素  ('id', 'com.cashier.jiutongshanghu:id/ll_loginout') 可见成功。耗时：0:00:00.141461
 Sat, 05 Oct 2019 22:59:24  INFO basepage.py wait_ele_visible [ line:40 ] 等待 设置页_退出登录按钮按钮  元素  ('id', 'com.cashier.jiutongshanghu:id/ll_loginout') 可见成功。耗时：0:00:00.110259
 Sat, 05 Oct 2019 22:59:24  INFO basepage.py get_element [ line:77 ] 查找  设置页_退出登录按钮按钮 元素 ('id', 'com.cashier.jiutongshanghu:id/ll_loginout') 成功！
 Sat, 05 Oct 2019 22:59:24  INFO basepage.py click_element [ line:101 ] 点击  设置页_退出登录按钮按钮 元素 ('id', 'com.cashier.jiutongshanghu:id/ll_loginout') 成功！
 Sat, 05 Oct 2019 22:59:26  INFO basepage.py wait_ele_visible [ line:40 ] 等待 退出登录弹窗_等待 确定 元素可见  元素  ('id', 'com.cashier.jiutongshanghu:id/dialog_normal_rightbtn') 可见成功。耗时：0:00:02.095878
 Sat, 05 Oct 2019 22:59:27  INFO basepage.py wait_ele_visible [ line:40 ] 等待 退出登录弹窗_确定按钮  元素  ('id', 'com.cashier.jiutongshanghu:id/dialog_normal_rightbtn') 可见成功。耗时：0:00:00.120725
 Sat, 05 Oct 2019 22:59:27  INFO basepage.py get_element [ line:77 ] 查找  退出登录弹窗_确定按钮 元素 ('id', 'com.cashier.jiutongshanghu:id/dialog_normal_rightbtn') 成功！
 Sat, 05 Oct 2019 22:59:27  INFO basepage.py click_element [ line:101 ] 点击  退出登录弹窗_确定按钮 元素 ('id', 'com.cashier.jiutongshanghu:id/dialog_normal_rightbtn') 成功！
 Sat, 05 Oct 2019 22:59:44  INFO basepage.py wait_ele_visible [ line:40 ] 等待 登录页_等待用户名元素可见  元素  ('id', 'com.cashier.jiutongshanghu:id/ed_login_phone') 可见成功。耗时：0:00:01.670818
 Sat, 05 Oct 2019 22:59:44  INFO basepage.py wait_ele_visible [ line:40 ] 等待 登录页_输入用户名  元素  ('id', 'com.cashier.jiutongshanghu:id/ed_login_phone') 可见成功。耗时：0:00:00.224383
 Sat, 05 Oct 2019 22:59:44  INFO basepage.py get_element [ line:77 ] 查找  登录页_输入用户名 元素 ('id', 'com.cashier.jiutongshanghu:id/ed_login_phone') 成功！
 Sat, 05 Oct 2019 22:59:44  INFO basepage.py input_text [ line:114 ] 在 登录页_输入用户名 元素 ('id', 'com.cashier.jiutongshanghu:id/ed_login_phone') 上输入文本值： 成功！
 Sat, 05 Oct 2019 22:59:45  INFO basepage.py wait_ele_visible [ line:40 ] 等待 登录页_输入密码  元素  ('id', 'com.cashier.jiutongshanghu:id/ed_login_password') 可见成功。耗时：0:00:00.747157
 Sat, 05 Oct 2019 22:59:46  INFO basepage.py get_element [ line:77 ] 查找  登录页_输入密码 元素 ('id', 'com.cashier.jiutongshanghu:id/ed_login_password') 成功！
 Sat, 05 Oct 2019 22:59:46  INFO basepage.py input_text [ line:114 ] 在 登录页_输入密码 元素 ('id', 'com.cashier.jiutongshanghu:id/ed_login_password') 上输入文本值：123456 成功！
 Sat, 05 Oct 2019 22:59:47  INFO basepage.py wait_ele_visible [ line:40 ] 等待 登录页_点击登录按钮  元素  ('id', 'com.cashier.jiutongshanghu:id/but_login') 可见成功。耗时：0:00:00.583461
 Sat, 05 Oct 2019 22:59:47  INFO basepage.py get_element [ line:77 ] 查找  登录页_点击登录按钮 元素 ('id', 'com.cashier.jiutongshanghu:id/but_login') 成功！
 Sat, 05 Oct 2019 22:59:47  INFO basepage.py click_element [ line:101 ] 点击  登录页_点击登录按钮 元素 ('id', 'com.cashier.jiutongshanghu:id/but_login') 成功！
 Sat, 05 Oct 2019 22:59:48  INFO basepage.py wait_ele_exists [ line:55 ] 等待 登录页_等待 提示语 请输入账号 元素存在  元素  ('xpath', '//*[contains(@text, "请输入账号")]') 存在成功。耗时：0:00:00.575425
 Sat, 05 Oct 2019 22:59:48  INFO basepage.py wait_ele_exists [ line:55 ] 等待 登录页_提示语 请输入账号  元素  ('xpath', '//*[contains(@text, "请输入账号")]') 存在成功。耗时：0:00:00.375996
 Sat, 05 Oct 2019 22:59:49  INFO basepage.py get_element [ line:77 ] 查找  登录页_提示语 请输入账号 元素 ('xpath', '//*[contains(@text, "请输入账号")]') 成功！
 Sat, 05 Oct 2019 22:59:49  INFO basepage.py get_text [ line:151 ] 获取 登录页_提示语 请输入账号 元素 ('xpath', '//*[contains(@text, "请输入账号")]') 的文本值为:请输入账号
 Sat, 05 Oct 2019 23:00:07  INFO basepage.py wait_ele_visible [ line:40 ] 等待 登录页_等待用户名元素可见  元素  ('id', 'com.cashier.jiutongshanghu:id/ed_login_phone') 可见成功。耗时：0:00:02.482187
 Sat, 05 Oct 2019 23:00:07  INFO basepage.py wait_ele_visible [ line:40 ] 等待 登录页_输入用户名  元素  ('id', 'com.cashier.jiutongshanghu:id/ed_login_phone') 可见成功。耗时：0:00:00.176534
 Sat, 05 Oct 2019 23:00:08  INFO basepage.py get_element [ line:77 ] 查找  登录页_输入用户名 元素 ('id', 'com.cashier.jiutongshanghu:id/ed_login_phone') 成功！
 Sat, 05 Oct 2019 23:00:08  INFO basepage.py input_text [ line:114 ] 在 登录页_输入用户名 元素 ('id', 'com.cashier.jiutongshanghu:id/ed_login_phone') 上输入文本值：13072721092 成功！
 Sat, 05 Oct 2019 23:00:09  INFO basepage.py wait_ele_visible [ line:40 ] 等待 登录页_输入密码  元素  ('id', 'com.cashier.jiutongshanghu:id/ed_login_password') 可见成功。耗时：0:00:00.711512
 Sat, 05 Oct 2019 23:00:09  INFO basepage.py get_element [ line:77 ] 查找  登录页_输入密码 元素 ('id', 'com.cashier.jiutongshanghu:id/ed_login_password') 成功！
 Sat, 05 Oct 2019 23:00:09  INFO basepage.py input_text [ line:114 ] 在 登录页_输入密码 元素 ('id', 'com.cashier.jiutongshanghu:id/ed_login_password') 上输入文本值： 成功！
 Sat, 05 Oct 2019 23:00:11  INFO basepage.py wait_ele_visible [ line:40 ] 等待 登录页_点击登录按钮  元素  ('id', 'com.cashier.jiutongshanghu:id/but_login') 可见成功。耗时：0:00:01.131959
 Sat, 05 Oct 2019 23:00:11  INFO basepage.py get_element [ line:77 ] 查找  登录页_点击登录按钮 元素 ('id', 'com.cashier.jiutongshanghu:id/but_login') 成功！
 Sat, 05 Oct 2019 23:00:11  INFO basepage.py click_element [ line:101 ] 点击  登录页_点击登录按钮 元素 ('id', 'com.cashier.jiutongshanghu:id/but_login') 成功！
 Sat, 05 Oct 2019 23:00:11  INFO basepage.py wait_ele_exists [ line:55 ] 等待 登录页_等待 提示语 请输入密码 元素存在  元素  ('xpath', '//*[contains(@text, "请输入密码")]') 存在成功。耗时：0:00:00.541198
 Sat, 05 Oct 2019 23:00:12  INFO basepage.py wait_ele_exists [ line:55 ] 等待 登录页_提示语 请输入密码  元素  ('xpath', '//*[contains(@text, "请输入密码")]') 存在成功。耗时：0:00:00.395100
 Sat, 05 Oct 2019 23:00:12  INFO basepage.py get_element [ line:77 ] 查找  登录页_提示语 请输入密码 元素 ('xpath', '//*[contains(@text, "请输入密码")]') 成功！
 Sat, 05 Oct 2019 23:00:12  INFO basepage.py get_text [ line:151 ] 获取 登录页_提示语 请输入密码 元素 ('xpath', '//*[contains(@text, "请输入密码")]') 的文本值为:请输入密码
 Sat, 05 Oct 2019 23:00:30  ERROR basepage.py wait_ele_visible [ line:34 ] 等待元素 ('id', 'com.cashier.jiutongshanghu:id/ed_login_phone') 可见 失败！
Traceback (most recent call last):
  File "C:\Users\keen\PycharmProjects\app_framework\common\basepage.py", line 31, in wait_ele_visible
    WebDriverWait(self.driver, timeout, frequency).until(ec.visibility_of_element_located(loc))
  File "C:\Python37\lib\site-packages\selenium\webdriver\support\wait.py", line 71, in until
    value = method(self._driver)
  File "C:\Python37\lib\site-packages\selenium\webdriver\support\expected_conditions.py", line 128, in __call__
    return _element_if_visible(_find_element(driver, self.locator))
  File "C:\Python37\lib\site-packages\selenium\webdriver\support\expected_conditions.py", line 415, in _find_element
    raise e
  File "C:\Python37\lib\site-packages\selenium\webdriver\support\expected_conditions.py", line 411, in _find_element
    return driver.find_element(*by)
  File "C:\Python37\lib\site-packages\appium\webdriver\webdriver.py", line 276, in find_element
    'value': value})['value']
  File "C:\Python37\lib\site-packages\selenium\webdriver\remote\webdriver.py", line 321, in execute
    self.error_handler.check_response(response)
  File "C:\Python37\lib\site-packages\appium\webdriver\errorhandler.py", line 29, in check_response
    raise wde
  File "C:\Python37\lib\site-packages\appium\webdriver\errorhandler.py", line 24, in check_response
    super(MobileErrorHandler, self).check_response(response)
  File "C:\Python37\lib\site-packages\selenium\webdriver\remote\errorhandler.py", line 242, in check_response
    raise exception_class(message, screen, stacktrace)
selenium.common.exceptions.WebDriverException: Message: An unknown server-side error occurred while processing the command. Original error: Could not proxy command to remote server. Original error: Error: socket hang up

 Sat, 05 Oct 2019 23:00:30  ERROR basepage.py save_img [ line:166 ] 网页截图失败！
Traceback (most recent call last):
  File "C:\Users\keen\PycharmProjects\app_framework\common\basepage.py", line 31, in wait_ele_visible
    WebDriverWait(self.driver, timeout, frequency).until(ec.visibility_of_element_located(loc))
  File "C:\Python37\lib\site-packages\selenium\webdriver\support\wait.py", line 71, in until
    value = method(self._driver)
  File "C:\Python37\lib\site-packages\selenium\webdriver\support\expected_conditions.py", line 128, in __call__
    return _element_if_visible(_find_element(driver, self.locator))
  File "C:\Python37\lib\site-packages\selenium\webdriver\support\expected_conditions.py", line 415, in _find_element
    raise e
  File "C:\Python37\lib\site-packages\selenium\webdriver\support\expected_conditions.py", line 411, in _find_element
    return driver.find_element(*by)
  File "C:\Python37\lib\site-packages\appium\webdriver\webdriver.py", line 276, in find_element
    'value': value})['value']
  File "C:\Python37\lib\site-packages\selenium\webdriver\remote\webdriver.py", line 321, in execute
    self.error_handler.check_response(response)
  File "C:\Python37\lib\site-packages\appium\webdriver\errorhandler.py", line 29, in check_response
    raise wde
  File "C:\Python37\lib\site-packages\appium\webdriver\errorhandler.py", line 24, in check_response
    super(MobileErrorHandler, self).check_response(response)
  File "C:\Python37\lib\site-packages\selenium\webdriver\remote\errorhandler.py", line 242, in check_response
    raise exception_class(message, screen, stacktrace)
selenium.common.exceptions.WebDriverException: Message: An unknown server-side error occurred while processing the command. Original error: Could not proxy command to remote server. Original error: Error: socket hang up


During handling of the above exception, another exception occurred:

Traceback (most recent call last):
  File "C:\Users\keen\PycharmProjects\app_framework\common\basepage.py", line 164, in save_img
    self.driver.save_screenshot(img_path)
  File "C:\Python37\lib\site-packages\selenium\webdriver\remote\webdriver.py", line 1055, in save_screenshot
    return self.get_screenshot_as_file(filename)
  File "C:\Python37\lib\site-packages\selenium\webdriver\remote\webdriver.py", line 1032, in get_screenshot_as_file
    png = self.get_screenshot_as_png()
  File "C:\Python37\lib\site-packages\selenium\webdriver\remote\webdriver.py", line 1064, in get_screenshot_as_png
    return base64.b64decode(self.get_screenshot_as_base64().encode('ascii'))
  File "C:\Python37\lib\site-packages\selenium\webdriver\remote\webdriver.py", line 1074, in get_screenshot_as_base64
    return self.execute(Command.SCREENSHOT)['value']
  File "C:\Python37\lib\site-packages\selenium\webdriver\remote\webdriver.py", line 321, in execute
    self.error_handler.check_response(response)
  File "C:\Python37\lib\site-packages\appium\webdriver\errorhandler.py", line 29, in check_response
    raise wde
  File "C:\Python37\lib\site-packages\appium\webdriver\errorhandler.py", line 24, in check_response
    super(MobileErrorHandler, self).check_response(response)
  File "C:\Python37\lib\site-packages\selenium\webdriver\remote\errorhandler.py", line 242, in check_response
    raise exception_class(message, screen, stacktrace)
selenium.common.exceptions.WebDriverException: Message: An unknown server-side error occurred while processing the command. Original error: Could not proxy command to remote server. Original error: Error: socket hang up

